<?xml version="1.0" encoding="UTF-8"?>
<testsuite xmlns:xsi="http://www.w3.org/2001/XMLSchema-instance" xsi:noNamespaceSchemaLocation="https://maven.apache.org/surefire/maven-surefire-plugin/xsd/surefire-test-report.xsd" version="3.0.2" name="com.campushub.campushub.service.StatsServiceTest" time="0.035" tests="3" errors="0" skipped="0" failures="0" flakes="0">
  <properties>
[...]
</properties>
  <testcase name="moyenneAge_retourneLaMoyenneCorrecte" classname="com.campushub.campushub.service.StatsServiceTest" time="0.015"/>
  <testcase name="top3ParNote_retourneLes3MeilleuresNotes" classname="com.campushub.campushub.service.StatsServiceTest" time="0.006"/>
  <testcase name="groupementParFiliere_grouperCorrectement" classname="com.campushub.campushub.service.StatsServiceTest" time="0.005"/>
</testsuite>